2019-09-05 11:13:54,429 - tensorflow - INFO - Using config: {'_model_dir': '/Users/snoworday/git/algo-deeplearning/result/summary/wide_and_deep_traditional_attention_v2/', '_tf_random_seed': 77887, '_save_summary_steps': 400, '_save_checkpoints_steps': 1000, '_save_checkpoints_secs': None, '_session_config': allow_soft_placement: true
log_device_placement: true
, '_keep_checkpoint_max': 5, '_keep_checkpoint_every_n_hours': 1, '_log_step_count_steps': 400, '_train_distribute': None, '_device_fn': None, '_protocol': None, '_eval_distribute': None, '_experimental_distribute': None, '_service': None, '_cluster_spec': <tensorflow.python.training.server_lib.ClusterSpec object at 0xb3c836240>, '_task_type': 'worker', '_task_id': 0, '_global_id_in_cluster': 0, '_master': '', '_evaluation_master': '', '_is_chief': True, '_num_ps_replicas': 0, '_num_worker_replicas': 1}
2019-09-05 11:13:54,438 - tensorflow - INFO - Build estimator: <tensorflow_estimator.python.estimator.estimator.Estimator object at 0xb3c057518>
2019-09-05 11:13:54,488 - tensorflow - WARNING - From /Users/snoworday/anaconda3/envs/py36/lib/python3.6/site-packages/tensorflow/python/framework/op_def_library.py:263: colocate_with (from tensorflow.python.framework.ops) is deprecated and will be removed in a future version.
Instructions for updating:
Colocations handled automatically by placer.
2019-09-05 11:13:54,550 - tensorflow - INFO - Calling model_fn.
2019-09-05 11:14:03,274 - tensorflow - WARNING - From /Users/snoworday/git/dl_rank/dl_rank/model/wide_deep_traditional_attention.py:475: dropout (from tensorflow.python.layers.core) is deprecated and will be removed in a future version.
Instructions for updating:
Use keras.layers.dropout instead.
2019-09-05 11:14:03,765 - tensorflow - WARNING - From /Users/snoworday/git/dl_rank/dl_rank/model/wide_deep_traditional_attention.py:378: batch_normalization (from tensorflow.python.layers.normalization) is deprecated and will be removed in a future version.
Instructions for updating:
Use keras.layers.batch_normalization instead.
2019-09-05 11:15:21,923 - tensorflow - INFO - Using config: {'_model_dir': '/Users/snoworday/git/algo-deeplearning/result/summary/wide_and_deep_traditional_attention_v2/', '_tf_random_seed': 77887, '_save_summary_steps': 400, '_save_checkpoints_steps': 1000, '_save_checkpoints_secs': None, '_session_config': allow_soft_placement: true
log_device_placement: true
, '_keep_checkpoint_max': 5, '_keep_checkpoint_every_n_hours': 1, '_log_step_count_steps': 400, '_train_distribute': None, '_device_fn': None, '_protocol': None, '_eval_distribute': None, '_experimental_distribute': None, '_service': None, '_cluster_spec': <tensorflow.python.training.server_lib.ClusterSpec object at 0xb498623c8>, '_task_type': 'worker', '_task_id': 0, '_global_id_in_cluster': 0, '_master': '', '_evaluation_master': '', '_is_chief': True, '_num_ps_replicas': 0, '_num_worker_replicas': 1}
2019-09-05 11:15:21,929 - tensorflow - INFO - Build estimator: <tensorflow_estimator.python.estimator.estimator.Estimator object at 0xb4903f160>
2019-09-05 11:15:21,955 - tensorflow - WARNING - From /Users/snoworday/anaconda3/envs/py36/lib/python3.6/site-packages/tensorflow/python/framework/op_def_library.py:263: colocate_with (from tensorflow.python.framework.ops) is deprecated and will be removed in a future version.
Instructions for updating:
Colocations handled automatically by placer.
2019-09-05 11:15:21,974 - tensorflow - INFO - Calling model_fn.
2019-09-05 11:15:25,924 - tensorflow - WARNING - From /Users/snoworday/git/dl_rank/dl_rank/model/wide_deep_traditional_attention.py:475: dropout (from tensorflow.python.layers.core) is deprecated and will be removed in a future version.
Instructions for updating:
Use keras.layers.dropout instead.
2019-09-05 11:15:26,339 - tensorflow - WARNING - From /Users/snoworday/git/dl_rank/dl_rank/model/wide_deep_traditional_attention.py:378: batch_normalization (from tensorflow.python.layers.normalization) is deprecated and will be removed in a future version.
Instructions for updating:
Use keras.layers.batch_normalization instead.
2019-09-05 11:17:04,179 - tensorflow - INFO - Using config: {'_model_dir': '/Users/snoworday/git/algo-deeplearning/result/summary/wide_and_deep_traditional_attention_v2/', '_tf_random_seed': 77887, '_save_summary_steps': 400, '_save_checkpoints_steps': 1000, '_save_checkpoints_secs': None, '_session_config': allow_soft_placement: true
log_device_placement: true
, '_keep_checkpoint_max': 5, '_keep_checkpoint_every_n_hours': 1, '_log_step_count_steps': 400, '_train_distribute': None, '_device_fn': None, '_protocol': None, '_eval_distribute': None, '_experimental_distribute': None, '_service': None, '_cluster_spec': <tensorflow.python.training.server_lib.ClusterSpec object at 0xb45ccaef0>, '_task_type': 'worker', '_task_id': 0, '_global_id_in_cluster': 0, '_master': '', '_evaluation_master': '', '_is_chief': True, '_num_ps_replicas': 0, '_num_worker_replicas': 1}
2019-09-05 11:17:04,185 - tensorflow - INFO - Build estimator: <tensorflow_estimator.python.estimator.estimator.Estimator object at 0xb45c89080>
2019-09-05 11:17:04,218 - tensorflow - WARNING - From /Users/snoworday/anaconda3/envs/py36/lib/python3.6/site-packages/tensorflow/python/framework/op_def_library.py:263: colocate_with (from tensorflow.python.framework.ops) is deprecated and will be removed in a future version.
Instructions for updating:
Colocations handled automatically by placer.
2019-09-05 11:17:04,258 - tensorflow - INFO - Calling model_fn.
2019-09-05 11:17:46,999 - tensorflow - WARNING - From /Users/snoworday/git/dl_rank/dl_rank/model/wide_deep_traditional_attention.py:475: dropout (from tensorflow.python.layers.core) is deprecated and will be removed in a future version.
Instructions for updating:
Use keras.layers.dropout instead.
2019-09-05 11:17:49,391 - tensorflow - WARNING - From /Users/snoworday/git/dl_rank/dl_rank/model/wide_deep_traditional_attention.py:378: batch_normalization (from tensorflow.python.layers.normalization) is deprecated and will be removed in a future version.
Instructions for updating:
Use keras.layers.batch_normalization instead.
2019-09-05 11:20:08,068 - tensorflow - INFO - Using config: {'_model_dir': '/Users/snoworday/git/algo-deeplearning/result/summary/wide_and_deep_traditional_attention_v2/', '_tf_random_seed': 77887, '_save_summary_steps': 400, '_save_checkpoints_steps': 1000, '_save_checkpoints_secs': None, '_session_config': allow_soft_placement: true
log_device_placement: true
, '_keep_checkpoint_max': 5, '_keep_checkpoint_every_n_hours': 1, '_log_step_count_steps': 400, '_train_distribute': None, '_device_fn': None, '_protocol': None, '_eval_distribute': None, '_experimental_distribute': None, '_service': None, '_cluster_spec': <tensorflow.python.training.server_lib.ClusterSpec object at 0xb4461fba8>, '_task_type': 'worker', '_task_id': 0, '_global_id_in_cluster': 0, '_master': '', '_evaluation_master': '', '_is_chief': True, '_num_ps_replicas': 0, '_num_worker_replicas': 1}
2019-09-05 11:20:08,073 - tensorflow - INFO - Build estimator: <tensorflow_estimator.python.estimator.estimator.Estimator object at 0xb445dd0f0>
2019-09-05 11:20:08,096 - tensorflow - WARNING - From /Users/snoworday/anaconda3/envs/py36/lib/python3.6/site-packages/tensorflow/python/framework/op_def_library.py:263: colocate_with (from tensorflow.python.framework.ops) is deprecated and will be removed in a future version.
Instructions for updating:
Colocations handled automatically by placer.
2019-09-05 11:20:08,114 - tensorflow - INFO - Calling model_fn.
2019-09-05 11:20:21,387 - tensorflow - WARNING - From /Users/snoworday/git/dl_rank/dl_rank/model/wide_deep_traditional_attention.py:475: dropout (from tensorflow.python.layers.core) is deprecated and will be removed in a future version.
Instructions for updating:
Use keras.layers.dropout instead.
2019-09-05 11:20:21,797 - tensorflow - WARNING - From /Users/snoworday/git/dl_rank/dl_rank/model/wide_deep_traditional_attention.py:378: batch_normalization (from tensorflow.python.layers.normalization) is deprecated and will be removed in a future version.
Instructions for updating:
Use keras.layers.batch_normalization instead.
2019-09-05 11:21:53,658 - tensorflow - WARNING - From /Users/snoworday/anaconda3/envs/py36/lib/python3.6/site-packages/tensorflow/python/util/decorator_utils.py:145: GraphKeys.VARIABLES (from tensorflow.python.framework.ops) is deprecated and will be removed in a future version.
Instructions for updating:
Use `tf.GraphKeys.GLOBAL_VARIABLES` instead.
2019-09-05 11:23:01,097 - tensorflow - INFO - Using config: {'_model_dir': '/Users/snoworday/git/algo-deeplearning/result/summary/wide_and_deep_traditional_attention_v2/', '_tf_random_seed': 77887, '_save_summary_steps': 400, '_save_checkpoints_steps': 1000, '_save_checkpoints_secs': None, '_session_config': allow_soft_placement: true
log_device_placement: true
, '_keep_checkpoint_max': 5, '_keep_checkpoint_every_n_hours': 1, '_log_step_count_steps': 400, '_train_distribute': None, '_device_fn': None, '_protocol': None, '_eval_distribute': None, '_experimental_distribute': None, '_service': None, '_cluster_spec': <tensorflow.python.training.server_lib.ClusterSpec object at 0xb42158be0>, '_task_type': 'worker', '_task_id': 0, '_global_id_in_cluster': 0, '_master': '', '_evaluation_master': '', '_is_chief': True, '_num_ps_replicas': 0, '_num_worker_replicas': 1}
2019-09-05 11:23:01,103 - tensorflow - INFO - Build estimator: <tensorflow_estimator.python.estimator.estimator.Estimator object at 0xb42158048>
2019-09-05 11:23:01,123 - tensorflow - WARNING - From /Users/snoworday/anaconda3/envs/py36/lib/python3.6/site-packages/tensorflow/python/framework/op_def_library.py:263: colocate_with (from tensorflow.python.framework.ops) is deprecated and will be removed in a future version.
Instructions for updating:
Colocations handled automatically by placer.
2019-09-05 11:23:01,144 - tensorflow - INFO - Calling model_fn.
2019-09-05 11:23:31,423 - tensorflow - WARNING - From /Users/snoworday/git/dl_rank/dl_rank/model/wide_deep_traditional_attention.py:475: dropout (from tensorflow.python.layers.core) is deprecated and will be removed in a future version.
Instructions for updating:
Use keras.layers.dropout instead.
2019-09-05 11:23:32,456 - tensorflow - WARNING - From /Users/snoworday/git/dl_rank/dl_rank/model/wide_deep_traditional_attention.py:378: batch_normalization (from tensorflow.python.layers.normalization) is deprecated and will be removed in a future version.
Instructions for updating:
Use keras.layers.batch_normalization instead.
2019-09-05 11:26:26,048 - tensorflow - INFO - Using config: {'_model_dir': '/Users/snoworday/git/algo-deeplearning/result/summary/wide_and_deep_traditional_attention_v2/', '_tf_random_seed': 77887, '_save_summary_steps': 400, '_save_checkpoints_steps': 1000, '_save_checkpoints_secs': None, '_session_config': allow_soft_placement: true
log_device_placement: true
, '_keep_checkpoint_max': 5, '_keep_checkpoint_every_n_hours': 1, '_log_step_count_steps': 400, '_train_distribute': None, '_device_fn': None, '_protocol': None, '_eval_distribute': None, '_experimental_distribute': None, '_service': None, '_cluster_spec': <tensorflow.python.training.server_lib.ClusterSpec object at 0xb3f8e0550>, '_task_type': 'worker', '_task_id': 0, '_global_id_in_cluster': 0, '_master': '', '_evaluation_master': '', '_is_chief': True, '_num_ps_replicas': 0, '_num_worker_replicas': 1}
2019-09-05 11:26:26,052 - tensorflow - INFO - Build estimator: <tensorflow_estimator.python.estimator.estimator.Estimator object at 0xb3f8e0320>
2019-09-05 11:26:26,078 - tensorflow - WARNING - From /Users/snoworday/anaconda3/envs/py36/lib/python3.6/site-packages/tensorflow/python/framework/op_def_library.py:263: colocate_with (from tensorflow.python.framework.ops) is deprecated and will be removed in a future version.
Instructions for updating:
Colocations handled automatically by placer.
2019-09-05 11:26:26,097 - tensorflow - INFO - Calling model_fn.
2019-09-05 11:26:32,209 - tensorflow - WARNING - From /Users/snoworday/git/dl_rank/dl_rank/model/wide_deep_traditional_attention.py:476: dropout (from tensorflow.python.layers.core) is deprecated and will be removed in a future version.
Instructions for updating:
Use keras.layers.dropout instead.
2019-09-05 11:26:32,641 - tensorflow - WARNING - From /Users/snoworday/git/dl_rank/dl_rank/model/wide_deep_traditional_attention.py:379: batch_normalization (from tensorflow.python.layers.normalization) is deprecated and will be removed in a future version.
Instructions for updating:
Use keras.layers.batch_normalization instead.
2019-09-05 11:26:41,630 - tensorflow - INFO - Done calling model_fn.
2019-09-05 11:26:41,635 - tensorflow - WARNING - From /Users/snoworday/anaconda3/envs/py36/lib/python3.6/site-packages/tensorflow/python/saved_model/signature_def_utils_impl.py:205: build_tensor_info (from tensorflow.python.saved_model.utils_impl) is deprecated and will be removed in a future version.
Instructions for updating:
This function will only be available through the v1 compatibility library as tf.compat.v1.saved_model.utils.build_tensor_info or tf.compat.v1.saved_model.build_tensor_info.
2019-09-05 11:26:41,636 - tensorflow - INFO - Signatures INCLUDED in export for Classify: None
2019-09-05 11:26:41,637 - tensorflow - INFO - Signatures INCLUDED in export for Regress: None
2019-09-05 11:26:41,637 - tensorflow - INFO - Signatures INCLUDED in export for Predict: ['serving_default']
2019-09-05 11:26:41,637 - tensorflow - INFO - Signatures INCLUDED in export for Train: None
2019-09-05 11:26:41,637 - tensorflow - INFO - Signatures INCLUDED in export for Eval: None
2019-09-05 11:26:41,885 - tensorflow - WARNING - From /Users/snoworday/anaconda3/envs/py36/lib/python3.6/site-packages/tensorflow/python/training/saver.py:1266: checkpoint_exists (from tensorflow.python.training.checkpoint_management) is deprecated and will be removed in a future version.
Instructions for updating:
Use standard file APIs to check for files with this prefix.
2019-09-05 11:26:41,887 - tensorflow - INFO - Restoring parameters from /Users/snoworday/git/algo-deeplearning/result/summary/wide_and_deep_traditional_attention_v2/model.ckpt-361886
2019-09-05 11:26:43,994 - tensorflow - INFO - Assets added to graph.
2019-09-05 11:26:43,996 - tensorflow - INFO - No assets to write.
2019-09-05 11:26:46,245 - tensorflow - INFO - SavedModel written to: /Users/snoworday/git/algo-deeplearning/result/graph/wide_and_deep_traditional_attention_v2/temp-b'1567653986'/saved_model.pbtxt
2019-09-05 11:40:52,666 - tensorflow - INFO - Using config: {'_model_dir': '/Users/snoworday/git/algo-deeplearning/result/summary/wide_and_deep_traditional_attention_v2/', '_tf_random_seed': 77887, '_save_summary_steps': 400, '_save_checkpoints_steps': 1000, '_save_checkpoints_secs': None, '_session_config': allow_soft_placement: true
log_device_placement: true
, '_keep_checkpoint_max': 5, '_keep_checkpoint_every_n_hours': 1, '_log_step_count_steps': 400, '_train_distribute': None, '_device_fn': None, '_protocol': None, '_eval_distribute': None, '_experimental_distribute': None, '_service': None, '_cluster_spec': <tensorflow.python.training.server_lib.ClusterSpec object at 0xb3b8dcef0>, '_task_type': 'worker', '_task_id': 0, '_global_id_in_cluster': 0, '_master': '', '_evaluation_master': '', '_is_chief': True, '_num_ps_replicas': 0, '_num_worker_replicas': 1}
2019-09-05 11:40:52,673 - tensorflow - INFO - Build estimator: <tensorflow_estimator.python.estimator.estimator.Estimator object at 0xb3a903358>
2019-09-05 11:40:52,733 - tensorflow - WARNING - From /Users/snoworday/anaconda3/envs/py36/lib/python3.6/site-packages/tensorflow/python/framework/op_def_library.py:263: colocate_with (from tensorflow.python.framework.ops) is deprecated and will be removed in a future version.
Instructions for updating:
Colocations handled automatically by placer.
2019-09-05 11:40:52,794 - tensorflow - INFO - Calling model_fn.
2019-09-05 11:41:32,746 - tensorflow - WARNING - From /Users/snoworday/git/dl_rank/dl_rank/model/wide_deep_traditional_attention.py:476: dropout (from tensorflow.python.layers.core) is deprecated and will be removed in a future version.
Instructions for updating:
Use keras.layers.dropout instead.
2019-09-05 11:41:33,800 - tensorflow - WARNING - From /Users/snoworday/git/dl_rank/dl_rank/model/wide_deep_traditional_attention.py:379: batch_normalization (from tensorflow.python.layers.normalization) is deprecated and will be removed in a future version.
Instructions for updating:
Use keras.layers.batch_normalization instead.
2019-09-05 11:41:58,954 - tensorflow - WARNING - From /Users/snoworday/anaconda3/envs/py36/lib/python3.6/site-packages/tensorflow/python/util/decorator_utils.py:145: GraphKeys.VARIABLES (from tensorflow.python.framework.ops) is deprecated and will be removed in a future version.
Instructions for updating:
Use `tf.GraphKeys.GLOBAL_VARIABLES` instead.
2019-09-05 11:43:01,103 - tensorflow - INFO - Using config: {'_model_dir': '/Users/snoworday/git/algo-deeplearning/result/summary/wide_and_deep_traditional_attention_v2/', '_tf_random_seed': 77887, '_save_summary_steps': 400, '_save_checkpoints_steps': 1000, '_save_checkpoints_secs': None, '_session_config': allow_soft_placement: true
log_device_placement: true
, '_keep_checkpoint_max': 5, '_keep_checkpoint_every_n_hours': 1, '_log_step_count_steps': 400, '_train_distribute': None, '_device_fn': None, '_protocol': None, '_eval_distribute': None, '_experimental_distribute': None, '_service': None, '_cluster_spec': <tensorflow.python.training.server_lib.ClusterSpec object at 0xb3a41f358>, '_task_type': 'worker', '_task_id': 0, '_global_id_in_cluster': 0, '_master': '', '_evaluation_master': '', '_is_chief': True, '_num_ps_replicas': 0, '_num_worker_replicas': 1}
2019-09-05 11:43:01,107 - tensorflow - INFO - Build estimator: <tensorflow_estimator.python.estimator.estimator.Estimator object at 0xb394b99e8>
2019-09-05 11:43:01,123 - tensorflow - WARNING - From /Users/snoworday/anaconda3/envs/py36/lib/python3.6/site-packages/tensorflow/python/framework/op_def_library.py:263: colocate_with (from tensorflow.python.framework.ops) is deprecated and will be removed in a future version.
Instructions for updating:
Colocations handled automatically by placer.
2019-09-05 11:43:01,143 - tensorflow - INFO - Calling model_fn.
2019-09-05 11:43:35,959 - tensorflow - WARNING - From /Users/snoworday/anaconda3/envs/py36/lib/python3.6/site-packages/tensorflow/python/util/decorator_utils.py:145: GraphKeys.VARIABLES (from tensorflow.python.framework.ops) is deprecated and will be removed in a future version.
Instructions for updating:
Use `tf.GraphKeys.GLOBAL_VARIABLES` instead.
