2019-09-05 10:39:47,811 - tensorflow - INFO - Using config: {'_model_dir': '/Users/snoworday/git/algo-deeplearning/result/summary/wide_and_deep_traditional_attention_v2/', '_tf_random_seed': 77887, '_save_summary_steps': 400, '_save_checkpoints_steps': 1000, '_save_checkpoints_secs': None, '_session_config': allow_soft_placement: true
log_device_placement: true
, '_keep_checkpoint_max': 5, '_keep_checkpoint_every_n_hours': 1, '_log_step_count_steps': 400, '_train_distribute': None, '_device_fn': None, '_protocol': None, '_eval_distribute': None, '_experimental_distribute': None, '_service': None, '_cluster_spec': <tensorflow.python.training.server_lib.ClusterSpec object at 0xb3bff1518>, '_task_type': 'worker', '_task_id': 0, '_global_id_in_cluster': 0, '_master': '', '_evaluation_master': '', '_is_chief': True, '_num_ps_replicas': 0, '_num_worker_replicas': 1}
2019-09-05 10:39:47,827 - tensorflow - INFO - Build estimator: <tensorflow_estimator.python.estimator.estimator.Estimator object at 0xb3bff1b70>
2019-09-05 10:47:41,359 - tensorflow - WARNING - From /Users/snoworday/anaconda3/envs/py36/lib/python3.6/site-packages/tensorflow/python/util/decorator_utils.py:145: GraphKeys.VARIABLES (from tensorflow.python.framework.ops) is deprecated and will be removed in a future version.
Instructions for updating:
Use `tf.GraphKeys.GLOBAL_VARIABLES` instead.
2019-09-05 11:05:28,433 - tensorflow - INFO - Using config: {'_model_dir': '/Users/snoworday/git/algo-deeplearning/result/summary/wide_and_deep_traditional_attention_v2/', '_tf_random_seed': 77887, '_save_summary_steps': 400, '_save_checkpoints_steps': 1000, '_save_checkpoints_secs': None, '_session_config': allow_soft_placement: true
log_device_placement: true
, '_keep_checkpoint_max': 5, '_keep_checkpoint_every_n_hours': 1, '_log_step_count_steps': 400, '_train_distribute': None, '_device_fn': None, '_protocol': None, '_eval_distribute': None, '_experimental_distribute': None, '_service': None, '_cluster_spec': <tensorflow.python.training.server_lib.ClusterSpec object at 0xb3e7739e8>, '_task_type': 'worker', '_task_id': 0, '_global_id_in_cluster': 0, '_master': '', '_evaluation_master': '', '_is_chief': True, '_num_ps_replicas': 0, '_num_worker_replicas': 1}
2019-09-05 11:05:28,439 - tensorflow - INFO - Build estimator: <tensorflow_estimator.python.estimator.estimator.Estimator object at 0xb3e7730b8>
2019-09-05 11:07:19,167 - tensorflow - INFO - Using config: {'_model_dir': '/Users/snoworday/git/algo-deeplearning/result/summary/wide_and_deep_traditional_attention_v2/', '_tf_random_seed': 77887, '_save_summary_steps': 400, '_save_checkpoints_steps': 1000, '_save_checkpoints_secs': None, '_session_config': allow_soft_placement: true
log_device_placement: true
, '_keep_checkpoint_max': 5, '_keep_checkpoint_every_n_hours': 1, '_log_step_count_steps': 400, '_train_distribute': None, '_device_fn': None, '_protocol': None, '_eval_distribute': None, '_experimental_distribute': None, '_service': None, '_cluster_spec': <tensorflow.python.training.server_lib.ClusterSpec object at 0xb3d2501d0>, '_task_type': 'worker', '_task_id': 0, '_global_id_in_cluster': 0, '_master': '', '_evaluation_master': '', '_is_chief': True, '_num_ps_replicas': 0, '_num_worker_replicas': 1}
2019-09-05 11:07:19,171 - tensorflow - INFO - Build estimator: <tensorflow_estimator.python.estimator.estimator.Estimator object at 0xb3d250c50>
2019-09-05 11:07:40,587 - tensorflow - WARNING - From /Users/snoworday/anaconda3/envs/py36/lib/python3.6/site-packages/tensorflow/python/util/decorator_utils.py:145: GraphKeys.VARIABLES (from tensorflow.python.framework.ops) is deprecated and will be removed in a future version.
Instructions for updating:
Use `tf.GraphKeys.GLOBAL_VARIABLES` instead.
2019-09-05 11:37:52,470 - tensorflow - INFO - Using config: {'_model_dir': '/Users/snoworday/git/algo-deeplearning/result/summary/wide_and_deep_traditional_attention_v2/', '_tf_random_seed': 77887, '_save_summary_steps': 400, '_save_checkpoints_steps': 1000, '_save_checkpoints_secs': None, '_session_config': allow_soft_placement: true
log_device_placement: true
, '_keep_checkpoint_max': 5, '_keep_checkpoint_every_n_hours': 1, '_log_step_count_steps': 400, '_train_distribute': None, '_device_fn': None, '_protocol': None, '_eval_distribute': None, '_experimental_distribute': None, '_service': None, '_cluster_spec': <tensorflow.python.training.server_lib.ClusterSpec object at 0xb490c4588>, '_task_type': 'worker', '_task_id': 0, '_global_id_in_cluster': 0, '_master': '', '_evaluation_master': '', '_is_chief': True, '_num_ps_replicas': 0, '_num_worker_replicas': 1}
2019-09-05 11:37:52,476 - tensorflow - INFO - Build estimator: <tensorflow_estimator.python.estimator.estimator.Estimator object at 0xb490c4c50>
2019-09-05 11:38:24,870 - tensorflow - WARNING - From /Users/snoworday/git/dl_rank/dl_rank/solo.py:192: load (from tensorflow.python.saved_model.loader_impl) is deprecated and will be removed in a future version.
Instructions for updating:
This function will only be available through the v1 compatibility library as tf.compat.v1.saved_model.loader.load or tf.compat.v1.saved_model.load. There will be a new function for importing SavedModels in Tensorflow 2.0.
2019-09-05 11:38:33,417 - tensorflow - WARNING - From /Users/snoworday/anaconda3/envs/py36/lib/python3.6/site-packages/tensorflow/python/training/saver.py:1266: checkpoint_exists (from tensorflow.python.training.checkpoint_management) is deprecated and will be removed in a future version.
Instructions for updating:
Use standard file APIs to check for files with this prefix.
2019-09-05 11:38:33,420 - tensorflow - INFO - Restoring parameters from /Users/snoworday/git/algo-deeplearning/result/graph/wide_and_deep_traditional_attention_v2/variables/variables
2019-09-05 11:38:55,228 - tensorflow - WARNING - From /Users/snoworday/anaconda3/envs/py36/lib/python3.6/site-packages/tensorflow/python/util/decorator_utils.py:145: GraphKeys.VARIABLES (from tensorflow.python.framework.ops) is deprecated and will be removed in a future version.
Instructions for updating:
Use `tf.GraphKeys.GLOBAL_VARIABLES` instead.
2019-09-05 11:40:26,375 - tensorflow - INFO - Using config: {'_model_dir': '/Users/snoworday/git/algo-deeplearning/result/summary/wide_and_deep_traditional_attention_v2/', '_tf_random_seed': 77887, '_save_summary_steps': 400, '_save_checkpoints_steps': 1000, '_save_checkpoints_secs': None, '_session_config': allow_soft_placement: true
log_device_placement: true
, '_keep_checkpoint_max': 5, '_keep_checkpoint_every_n_hours': 1, '_log_step_count_steps': 400, '_train_distribute': None, '_device_fn': None, '_protocol': None, '_eval_distribute': None, '_experimental_distribute': None, '_service': None, '_cluster_spec': <tensorflow.python.training.server_lib.ClusterSpec object at 0xb45d66860>, '_task_type': 'worker', '_task_id': 0, '_global_id_in_cluster': 0, '_master': '', '_evaluation_master': '', '_is_chief': True, '_num_ps_replicas': 0, '_num_worker_replicas': 1}
2019-09-05 11:40:26,381 - tensorflow - INFO - Build estimator: <tensorflow_estimator.python.estimator.estimator.Estimator object at 0xb45421668>
2019-09-05 11:45:15,351 - tensorflow - INFO - Using config: {'_model_dir': '/Users/snoworday/git/algo-deeplearning/result/summary/wide_and_deep_traditional_attention_v2/', '_tf_random_seed': 77887, '_save_summary_steps': 400, '_save_checkpoints_steps': 1000, '_save_checkpoints_secs': None, '_session_config': allow_soft_placement: true
log_device_placement: true
, '_keep_checkpoint_max': 5, '_keep_checkpoint_every_n_hours': 1, '_log_step_count_steps': 400, '_train_distribute': None, '_device_fn': None, '_protocol': None, '_eval_distribute': None, '_experimental_distribute': None, '_service': None, '_cluster_spec': <tensorflow.python.training.server_lib.ClusterSpec object at 0xb41d66278>, '_task_type': 'worker', '_task_id': 0, '_global_id_in_cluster': 0, '_master': '', '_evaluation_master': '', '_is_chief': True, '_num_ps_replicas': 0, '_num_worker_replicas': 1}
2019-09-05 11:45:15,361 - tensorflow - INFO - Build estimator: <tensorflow_estimator.python.estimator.estimator.Estimator object at 0xb41d66860>
2019-09-05 11:45:16,208 - tensorflow - WARNING - From /Users/snoworday/git/dl_rank/dl_rank/solo.py:192: load (from tensorflow.python.saved_model.loader_impl) is deprecated and will be removed in a future version.
Instructions for updating:
This function will only be available through the v1 compatibility library as tf.compat.v1.saved_model.loader.load or tf.compat.v1.saved_model.load. There will be a new function for importing SavedModels in Tensorflow 2.0.
2019-09-05 11:45:19,403 - tensorflow - WARNING - From /Users/snoworday/anaconda3/envs/py36/lib/python3.6/site-packages/tensorflow/python/training/saver.py:1266: checkpoint_exists (from tensorflow.python.training.checkpoint_management) is deprecated and will be removed in a future version.
Instructions for updating:
Use standard file APIs to check for files with this prefix.
2019-09-05 11:45:19,405 - tensorflow - INFO - Restoring parameters from /Users/snoworday/git/algo-deeplearning/result/graph/wide_and_deep_traditional_attention_v2/variables/variables
2019-09-05 11:45:20,925 - tensorflow - WARNING - From /Users/snoworday/anaconda3/envs/py36/lib/python3.6/site-packages/tensorflow/python/util/decorator_utils.py:145: GraphKeys.VARIABLES (from tensorflow.python.framework.ops) is deprecated and will be removed in a future version.
Instructions for updating:
Use `tf.GraphKeys.GLOBAL_VARIABLES` instead.
2019-09-05 11:45:40,939 - tensorflow - WARNING - From /Users/snoworday/anaconda3/envs/py36/lib/python3.6/site-packages/tensorflow/python/framework/op_def_library.py:263: colocate_with (from tensorflow.python.framework.ops) is deprecated and will be removed in a future version.
Instructions for updating:
Colocations handled automatically by placer.
2019-09-05 11:45:44,186 - tensorflow - WARNING - From /Users/snoworday/git/dl_rank/dl_rank/solo.py:219: convert_variables_to_constants (from tensorflow.python.framework.graph_util_impl) is deprecated and will be removed in a future version.
Instructions for updating:
Use tf.compat.v1.graph_util.convert_variables_to_constants
2019-09-05 11:45:44,186 - tensorflow - WARNING - From /Users/snoworday/anaconda3/envs/py36/lib/python3.6/site-packages/tensorflow/python/framework/graph_util_impl.py:245: extract_sub_graph (from tensorflow.python.framework.graph_util_impl) is deprecated and will be removed in a future version.
Instructions for updating:
Use tf.compat.v1.graph_util.extract_sub_graph
2019-09-05 11:45:44,261 - tensorflow - INFO - Froze 10 variables.
2019-09-05 11:45:44,270 - tensorflow - INFO - Converted 10 variables to const ops.
2019-09-05 12:22:15,350 - tensorflow - INFO - Using config: {'_model_dir': '/Users/snoworday/git/algo-deeplearning/result/summary/wide_and_deep_traditional_attention_v2/', '_tf_random_seed': 77887, '_save_summary_steps': 400, '_save_checkpoints_steps': 1000, '_save_checkpoints_secs': None, '_session_config': allow_soft_placement: true
log_device_placement: true
, '_keep_checkpoint_max': 5, '_keep_checkpoint_every_n_hours': 1, '_log_step_count_steps': 400, '_train_distribute': None, '_device_fn': None, '_protocol': None, '_eval_distribute': None, '_experimental_distribute': None, '_service': None, '_cluster_spec': <tensorflow.python.training.server_lib.ClusterSpec object at 0xb3cf51048>, '_task_type': 'worker', '_task_id': 0, '_global_id_in_cluster': 0, '_master': '', '_evaluation_master': '', '_is_chief': True, '_num_ps_replicas': 0, '_num_worker_replicas': 1}
2019-09-05 12:22:15,355 - tensorflow - INFO - Build estimator: <tensorflow_estimator.python.estimator.estimator.Estimator object at 0xb3bec50f0>
2019-09-05 12:22:22,833 - tensorflow - WARNING - From /Users/snoworday/git/dl_rank/dl_rank/solo.py:192: load (from tensorflow.python.saved_model.loader_impl) is deprecated and will be removed in a future version.
Instructions for updating:
This function will only be available through the v1 compatibility library as tf.compat.v1.saved_model.loader.load or tf.compat.v1.saved_model.load. There will be a new function for importing SavedModels in Tensorflow 2.0.
2019-09-05 12:22:25,751 - tensorflow - WARNING - From /Users/snoworday/anaconda3/envs/py36/lib/python3.6/site-packages/tensorflow/python/training/saver.py:1266: checkpoint_exists (from tensorflow.python.training.checkpoint_management) is deprecated and will be removed in a future version.
Instructions for updating:
Use standard file APIs to check for files with this prefix.
2019-09-05 12:22:25,753 - tensorflow - INFO - Restoring parameters from /Users/snoworday/git/algo-deeplearning/result/graph/wide_and_deep_traditional_attention_v2/variables/variables
2019-09-05 12:22:26,912 - tensorflow - WARNING - From /Users/snoworday/anaconda3/envs/py36/lib/python3.6/site-packages/tensorflow/python/util/decorator_utils.py:145: GraphKeys.VARIABLES (from tensorflow.python.framework.ops) is deprecated and will be removed in a future version.
Instructions for updating:
Use `tf.GraphKeys.GLOBAL_VARIABLES` instead.
2019-09-05 13:12:05,961 - tensorflow - INFO - Using config: {'_model_dir': '/Users/snoworday/git/algo-deeplearning/result/summary/wide_and_deep_traditional_attention_v2/', '_tf_random_seed': 77887, '_save_summary_steps': 400, '_save_checkpoints_steps': 1000, '_save_checkpoints_secs': None, '_session_config': allow_soft_placement: true
log_device_placement: true
, '_keep_checkpoint_max': 5, '_keep_checkpoint_every_n_hours': 1, '_log_step_count_steps': 400, '_train_distribute': None, '_device_fn': None, '_protocol': None, '_eval_distribute': None, '_experimental_distribute': None, '_service': None, '_cluster_spec': <tensorflow.python.training.server_lib.ClusterSpec object at 0xb3ce694a8>, '_task_type': 'worker', '_task_id': 0, '_global_id_in_cluster': 0, '_master': '', '_evaluation_master': '', '_is_chief': True, '_num_ps_replicas': 0, '_num_worker_replicas': 1}
2019-09-05 13:12:05,964 - tensorflow - INFO - Build estimator: <tensorflow_estimator.python.estimator.estimator.Estimator object at 0xb3ce69358>
2019-09-05 13:12:07,492 - tensorflow - WARNING - From /Users/snoworday/git/dl_rank/dl_rank/solo.py:192: load (from tensorflow.python.saved_model.loader_impl) is deprecated and will be removed in a future version.
Instructions for updating:
This function will only be available through the v1 compatibility library as tf.compat.v1.saved_model.loader.load or tf.compat.v1.saved_model.load. There will be a new function for importing SavedModels in Tensorflow 2.0.
2019-09-05 13:12:10,501 - tensorflow - WARNING - From /Users/snoworday/anaconda3/envs/py36/lib/python3.6/site-packages/tensorflow/python/training/saver.py:1266: checkpoint_exists (from tensorflow.python.training.checkpoint_management) is deprecated and will be removed in a future version.
Instructions for updating:
Use standard file APIs to check for files with this prefix.
2019-09-05 13:12:10,503 - tensorflow - INFO - Restoring parameters from /Users/snoworday/git/algo-deeplearning/result/graph/wide_and_deep_traditional_attention_v2/variables/variables
2019-09-05 13:12:11,247 - tensorflow - WARNING - From /Users/snoworday/anaconda3/envs/py36/lib/python3.6/site-packages/tensorflow/python/util/decorator_utils.py:145: GraphKeys.VARIABLES (from tensorflow.python.framework.ops) is deprecated and will be removed in a future version.
Instructions for updating:
Use `tf.GraphKeys.GLOBAL_VARIABLES` instead.
2019-09-05 13:13:45,112 - tensorflow - WARNING - From /Users/snoworday/anaconda3/envs/py36/lib/python3.6/site-packages/tensorflow/python/framework/op_def_library.py:263: colocate_with (from tensorflow.python.framework.ops) is deprecated and will be removed in a future version.
Instructions for updating:
Colocations handled automatically by placer.
2019-09-05 13:13:55,007 - tensorflow - WARNING - From /Users/snoworday/git/dl_rank/dl_rank/solo.py:220: convert_variables_to_constants (from tensorflow.python.framework.graph_util_impl) is deprecated and will be removed in a future version.
Instructions for updating:
Use tf.compat.v1.graph_util.convert_variables_to_constants
2019-09-05 13:13:55,087 - tensorflow - WARNING - From /Users/snoworday/anaconda3/envs/py36/lib/python3.6/site-packages/tensorflow/python/framework/graph_util_impl.py:245: extract_sub_graph (from tensorflow.python.framework.graph_util_impl) is deprecated and will be removed in a future version.
Instructions for updating:
Use tf.compat.v1.graph_util.extract_sub_graph
2019-09-05 13:13:55,568 - tensorflow - INFO - Froze 10 variables.
2019-09-05 13:13:55,658 - tensorflow - INFO - Converted 10 variables to const ops.
2019-09-05 13:32:14,498 - tensorflow - INFO - Using config: {'_model_dir': '/Users/snoworday/git/algo-deeplearning/result/summary/wide_and_deep_traditional_attention_v2/', '_tf_random_seed': 77887, '_save_summary_steps': 400, '_save_checkpoints_steps': 1000, '_save_checkpoints_secs': None, '_session_config': allow_soft_placement: true
log_device_placement: true
, '_keep_checkpoint_max': 5, '_keep_checkpoint_every_n_hours': 1, '_log_step_count_steps': 400, '_train_distribute': None, '_device_fn': None, '_protocol': None, '_eval_distribute': None, '_experimental_distribute': None, '_service': None, '_cluster_spec': <tensorflow.python.training.server_lib.ClusterSpec object at 0xb47867e48>, '_task_type': 'worker', '_task_id': 0, '_global_id_in_cluster': 0, '_master': '', '_evaluation_master': '', '_is_chief': True, '_num_ps_replicas': 0, '_num_worker_replicas': 1}
2019-09-05 13:32:14,502 - tensorflow - INFO - Build estimator: <tensorflow_estimator.python.estimator.estimator.Estimator object at 0xb47867400>
2019-09-05 13:32:16,097 - tensorflow - WARNING - From /Users/snoworday/git/dl_rank/dl_rank/solo.py:193: load (from tensorflow.python.saved_model.loader_impl) is deprecated and will be removed in a future version.
Instructions for updating:
This function will only be available through the v1 compatibility library as tf.compat.v1.saved_model.loader.load or tf.compat.v1.saved_model.load. There will be a new function for importing SavedModels in Tensorflow 2.0.
2019-09-05 13:32:18,992 - tensorflow - WARNING - From /Users/snoworday/anaconda3/envs/py36/lib/python3.6/site-packages/tensorflow/python/training/saver.py:1266: checkpoint_exists (from tensorflow.python.training.checkpoint_management) is deprecated and will be removed in a future version.
Instructions for updating:
Use standard file APIs to check for files with this prefix.
2019-09-05 13:32:18,993 - tensorflow - INFO - Restoring parameters from /Users/snoworday/git/algo-deeplearning/result/graph/wide_and_deep_traditional_attention_v2/variables/variables
2019-09-05 13:32:19,598 - tensorflow - WARNING - From /Users/snoworday/anaconda3/envs/py36/lib/python3.6/site-packages/tensorflow/python/util/decorator_utils.py:145: GraphKeys.VARIABLES (from tensorflow.python.framework.ops) is deprecated and will be removed in a future version.
Instructions for updating:
Use `tf.GraphKeys.GLOBAL_VARIABLES` instead.
2019-09-05 13:33:37,221 - tensorflow - INFO - Using config: {'_model_dir': '/Users/snoworday/git/algo-deeplearning/result/summary/wide_and_deep_traditional_attention_v2/', '_tf_random_seed': 77887, '_save_summary_steps': 400, '_save_checkpoints_steps': 1000, '_save_checkpoints_secs': None, '_session_config': allow_soft_placement: true
log_device_placement: true
, '_keep_checkpoint_max': 5, '_keep_checkpoint_every_n_hours': 1, '_log_step_count_steps': 400, '_train_distribute': None, '_device_fn': None, '_protocol': None, '_eval_distribute': None, '_experimental_distribute': None, '_service': None, '_cluster_spec': <tensorflow.python.training.server_lib.ClusterSpec object at 0xb48494e48>, '_task_type': 'worker', '_task_id': 0, '_global_id_in_cluster': 0, '_master': '', '_evaluation_master': '', '_is_chief': True, '_num_ps_replicas': 0, '_num_worker_replicas': 1}
2019-09-05 13:33:37,225 - tensorflow - INFO - Build estimator: <tensorflow_estimator.python.estimator.estimator.Estimator object at 0xb48494400>
2019-09-05 13:33:41,192 - tensorflow - WARNING - From /Users/snoworday/git/dl_rank/dl_rank/solo.py:193: load (from tensorflow.python.saved_model.loader_impl) is deprecated and will be removed in a future version.
Instructions for updating:
This function will only be available through the v1 compatibility library as tf.compat.v1.saved_model.loader.load or tf.compat.v1.saved_model.load. There will be a new function for importing SavedModels in Tensorflow 2.0.
2019-09-05 13:33:44,243 - tensorflow - WARNING - From /Users/snoworday/anaconda3/envs/py36/lib/python3.6/site-packages/tensorflow/python/training/saver.py:1266: checkpoint_exists (from tensorflow.python.training.checkpoint_management) is deprecated and will be removed in a future version.
Instructions for updating:
Use standard file APIs to check for files with this prefix.
2019-09-05 13:33:44,244 - tensorflow - INFO - Restoring parameters from /Users/snoworday/git/algo-deeplearning/result/graph/wide_and_deep_traditional_attention_v2/variables/variables
2019-09-05 13:33:44,814 - tensorflow - WARNING - From /Users/snoworday/anaconda3/envs/py36/lib/python3.6/site-packages/tensorflow/python/util/decorator_utils.py:145: GraphKeys.VARIABLES (from tensorflow.python.framework.ops) is deprecated and will be removed in a future version.
Instructions for updating:
Use `tf.GraphKeys.GLOBAL_VARIABLES` instead.
2019-09-05 13:35:56,383 - tensorflow - INFO - Using config: {'_model_dir': '/Users/snoworday/git/algo-deeplearning/result/summary/wide_and_deep_traditional_attention_v2/', '_tf_random_seed': 77887, '_save_summary_steps': 400, '_save_checkpoints_steps': 1000, '_save_checkpoints_secs': None, '_session_config': allow_soft_placement: true
log_device_placement: true
, '_keep_checkpoint_max': 5, '_keep_checkpoint_every_n_hours': 1, '_log_step_count_steps': 400, '_train_distribute': None, '_device_fn': None, '_protocol': None, '_eval_distribute': None, '_experimental_distribute': None, '_service': None, '_cluster_spec': <tensorflow.python.training.server_lib.ClusterSpec object at 0xb39e47160>, '_task_type': 'worker', '_task_id': 0, '_global_id_in_cluster': 0, '_master': '', '_evaluation_master': '', '_is_chief': True, '_num_ps_replicas': 0, '_num_worker_replicas': 1}
2019-09-05 13:35:56,403 - tensorflow - INFO - Build estimator: <tensorflow_estimator.python.estimator.estimator.Estimator object at 0xb39e1efd0>
2019-09-05 13:35:58,495 - tensorflow - WARNING - From /Users/snoworday/git/dl_rank/dl_rank/solo.py:193: load (from tensorflow.python.saved_model.loader_impl) is deprecated and will be removed in a future version.
Instructions for updating:
This function will only be available through the v1 compatibility library as tf.compat.v1.saved_model.loader.load or tf.compat.v1.saved_model.load. There will be a new function for importing SavedModels in Tensorflow 2.0.
2019-09-05 13:36:19,771 - tensorflow - WARNING - From /Users/snoworday/anaconda3/envs/py36/lib/python3.6/site-packages/tensorflow/python/training/saver.py:1266: checkpoint_exists (from tensorflow.python.training.checkpoint_management) is deprecated and will be removed in a future version.
Instructions for updating:
Use standard file APIs to check for files with this prefix.
2019-09-05 13:36:19,774 - tensorflow - INFO - Restoring parameters from /Users/snoworday/git/algo-deeplearning/result/graph/wide_and_deep_traditional_attention_v2/variables/variables
2019-09-05 13:36:20,343 - tensorflow - WARNING - From /Users/snoworday/anaconda3/envs/py36/lib/python3.6/site-packages/tensorflow/python/util/decorator_utils.py:145: GraphKeys.VARIABLES (from tensorflow.python.framework.ops) is deprecated and will be removed in a future version.
Instructions for updating:
Use `tf.GraphKeys.GLOBAL_VARIABLES` instead.
2019-09-05 13:38:05,586 - tensorflow - INFO - Using config: {'_model_dir': '/Users/snoworday/git/algo-deeplearning/result/summary/wide_and_deep_traditional_attention_v2/', '_tf_random_seed': 77887, '_save_summary_steps': 400, '_save_checkpoints_steps': 1000, '_save_checkpoints_secs': None, '_session_config': allow_soft_placement: true
log_device_placement: true
, '_keep_checkpoint_max': 5, '_keep_checkpoint_every_n_hours': 1, '_log_step_count_steps': 400, '_train_distribute': None, '_device_fn': None, '_protocol': None, '_eval_distribute': None, '_experimental_distribute': None, '_service': None, '_cluster_spec': <tensorflow.python.training.server_lib.ClusterSpec object at 0xb474cc2b0>, '_task_type': 'worker', '_task_id': 0, '_global_id_in_cluster': 0, '_master': '', '_evaluation_master': '', '_is_chief': True, '_num_ps_replicas': 0, '_num_worker_replicas': 1}
2019-09-05 13:38:05,592 - tensorflow - INFO - Build estimator: <tensorflow_estimator.python.estimator.estimator.Estimator object at 0xb46cd0f28>
2019-09-05 13:38:06,627 - tensorflow - WARNING - From /Users/snoworday/git/dl_rank/dl_rank/solo.py:193: load (from tensorflow.python.saved_model.loader_impl) is deprecated and will be removed in a future version.
Instructions for updating:
This function will only be available through the v1 compatibility library as tf.compat.v1.saved_model.loader.load or tf.compat.v1.saved_model.load. There will be a new function for importing SavedModels in Tensorflow 2.0.
2019-09-05 13:38:09,657 - tensorflow - WARNING - From /Users/snoworday/anaconda3/envs/py36/lib/python3.6/site-packages/tensorflow/python/training/saver.py:1266: checkpoint_exists (from tensorflow.python.training.checkpoint_management) is deprecated and will be removed in a future version.
Instructions for updating:
Use standard file APIs to check for files with this prefix.
2019-09-05 13:38:09,658 - tensorflow - INFO - Restoring parameters from /Users/snoworday/git/algo-deeplearning/result/graph/wide_and_deep_traditional_attention_v2/variables/variables
2019-09-05 13:38:10,302 - tensorflow - WARNING - From /Users/snoworday/anaconda3/envs/py36/lib/python3.6/site-packages/tensorflow/python/util/decorator_utils.py:145: GraphKeys.VARIABLES (from tensorflow.python.framework.ops) is deprecated and will be removed in a future version.
Instructions for updating:
Use `tf.GraphKeys.GLOBAL_VARIABLES` instead.
2019-09-05 13:44:59,467 - tensorflow - INFO - Using config: {'_model_dir': '/Users/snoworday/git/algo-deeplearning/result/summary/wide_and_deep_traditional_attention_v2/', '_tf_random_seed': 77887, '_save_summary_steps': 400, '_save_checkpoints_steps': 1000, '_save_checkpoints_secs': None, '_session_config': allow_soft_placement: true
log_device_placement: true
, '_keep_checkpoint_max': 5, '_keep_checkpoint_every_n_hours': 1, '_log_step_count_steps': 400, '_train_distribute': None, '_device_fn': None, '_protocol': None, '_eval_distribute': None, '_experimental_distribute': None, '_service': None, '_cluster_spec': <tensorflow.python.training.server_lib.ClusterSpec object at 0xb39be5630>, '_task_type': 'worker', '_task_id': 0, '_global_id_in_cluster': 0, '_master': '', '_evaluation_master': '', '_is_chief': True, '_num_ps_replicas': 0, '_num_worker_replicas': 1}
2019-09-05 13:44:59,472 - tensorflow - INFO - Build estimator: <tensorflow_estimator.python.estimator.estimator.Estimator object at 0xb393ebf98>
2019-09-05 13:45:00,530 - tensorflow - WARNING - From /Users/snoworday/git/dl_rank/dl_rank/solo.py:193: load (from tensorflow.python.saved_model.loader_impl) is deprecated and will be removed in a future version.
Instructions for updating:
This function will only be available through the v1 compatibility library as tf.compat.v1.saved_model.loader.load or tf.compat.v1.saved_model.load. There will be a new function for importing SavedModels in Tensorflow 2.0.
2019-09-05 13:45:03,632 - tensorflow - WARNING - From /Users/snoworday/anaconda3/envs/py36/lib/python3.6/site-packages/tensorflow/python/training/saver.py:1266: checkpoint_exists (from tensorflow.python.training.checkpoint_management) is deprecated and will be removed in a future version.
Instructions for updating:
Use standard file APIs to check for files with this prefix.
2019-09-05 13:45:03,633 - tensorflow - INFO - Restoring parameters from /Users/snoworday/git/algo-deeplearning/result/graph/wide_and_deep_traditional_attention_v2/variables/variables
2019-09-05 13:45:04,285 - tensorflow - WARNING - From /Users/snoworday/anaconda3/envs/py36/lib/python3.6/site-packages/tensorflow/python/util/decorator_utils.py:145: GraphKeys.VARIABLES (from tensorflow.python.framework.ops) is deprecated and will be removed in a future version.
Instructions for updating:
Use `tf.GraphKeys.GLOBAL_VARIABLES` instead.
2019-09-05 13:47:01,142 - tensorflow - INFO - Using config: {'_model_dir': '/Users/snoworday/git/algo-deeplearning/result/summary/wide_and_deep_traditional_attention_v2/', '_tf_random_seed': 77887, '_save_summary_steps': 400, '_save_checkpoints_steps': 1000, '_save_checkpoints_secs': None, '_session_config': allow_soft_placement: true
log_device_placement: true
, '_keep_checkpoint_max': 5, '_keep_checkpoint_every_n_hours': 1, '_log_step_count_steps': 400, '_train_distribute': None, '_device_fn': None, '_protocol': None, '_eval_distribute': None, '_experimental_distribute': None, '_service': None, '_cluster_spec': <tensorflow.python.training.server_lib.ClusterSpec object at 0xb3b547e10>, '_task_type': 'worker', '_task_id': 0, '_global_id_in_cluster': 0, '_master': '', '_evaluation_master': '', '_is_chief': True, '_num_ps_replicas': 0, '_num_worker_replicas': 1}
2019-09-05 13:47:01,146 - tensorflow - INFO - Build estimator: <tensorflow_estimator.python.estimator.estimator.Estimator object at 0xb3b4f6ef0>
2019-09-05 13:47:02,033 - tensorflow - WARNING - From /Users/snoworday/git/dl_rank/dl_rank/solo.py:193: load (from tensorflow.python.saved_model.loader_impl) is deprecated and will be removed in a future version.
Instructions for updating:
This function will only be available through the v1 compatibility library as tf.compat.v1.saved_model.loader.load or tf.compat.v1.saved_model.load. There will be a new function for importing SavedModels in Tensorflow 2.0.
2019-09-05 13:47:05,169 - tensorflow - WARNING - From /Users/snoworday/anaconda3/envs/py36/lib/python3.6/site-packages/tensorflow/python/training/saver.py:1266: checkpoint_exists (from tensorflow.python.training.checkpoint_management) is deprecated and will be removed in a future version.
Instructions for updating:
Use standard file APIs to check for files with this prefix.
2019-09-05 13:47:05,170 - tensorflow - INFO - Restoring parameters from /Users/snoworday/git/algo-deeplearning/result/graph/wide_and_deep_traditional_attention_v2/variables/variables
2019-09-05 13:47:05,821 - tensorflow - WARNING - From /Users/snoworday/anaconda3/envs/py36/lib/python3.6/site-packages/tensorflow/python/util/decorator_utils.py:145: GraphKeys.VARIABLES (from tensorflow.python.framework.ops) is deprecated and will be removed in a future version.
Instructions for updating:
Use `tf.GraphKeys.GLOBAL_VARIABLES` instead.
2019-09-05 13:48:26,225 - tensorflow - INFO - Using config: {'_model_dir': '/Users/snoworday/git/algo-deeplearning/result/summary/wide_and_deep_traditional_attention_v2/', '_tf_random_seed': 77887, '_save_summary_steps': 400, '_save_checkpoints_steps': 1000, '_save_checkpoints_secs': None, '_session_config': allow_soft_placement: true
log_device_placement: true
, '_keep_checkpoint_max': 5, '_keep_checkpoint_every_n_hours': 1, '_log_step_count_steps': 400, '_train_distribute': None, '_device_fn': None, '_protocol': None, '_eval_distribute': None, '_experimental_distribute': None, '_service': None, '_cluster_spec': <tensorflow.python.training.server_lib.ClusterSpec object at 0xb3a969470>, '_task_type': 'worker', '_task_id': 0, '_global_id_in_cluster': 0, '_master': '', '_evaluation_master': '', '_is_chief': True, '_num_ps_replicas': 0, '_num_worker_replicas': 1}
2019-09-05 13:48:26,229 - tensorflow - INFO - Build estimator: <tensorflow_estimator.python.estimator.estimator.Estimator object at 0xb3a0def28>
2019-09-05 13:48:27,918 - tensorflow - WARNING - From /Users/snoworday/git/dl_rank/dl_rank/solo.py:193: load (from tensorflow.python.saved_model.loader_impl) is deprecated and will be removed in a future version.
Instructions for updating:
This function will only be available through the v1 compatibility library as tf.compat.v1.saved_model.loader.load or tf.compat.v1.saved_model.load. There will be a new function for importing SavedModels in Tensorflow 2.0.
2019-09-05 13:48:30,806 - tensorflow - WARNING - From /Users/snoworday/anaconda3/envs/py36/lib/python3.6/site-packages/tensorflow/python/training/saver.py:1266: checkpoint_exists (from tensorflow.python.training.checkpoint_management) is deprecated and will be removed in a future version.
Instructions for updating:
Use standard file APIs to check for files with this prefix.
2019-09-05 13:48:30,807 - tensorflow - INFO - Restoring parameters from /Users/snoworday/git/algo-deeplearning/result/graph/wide_and_deep_traditional_attention_v2/variables/variables
2019-09-05 13:48:31,349 - tensorflow - WARNING - From /Users/snoworday/anaconda3/envs/py36/lib/python3.6/site-packages/tensorflow/python/util/decorator_utils.py:145: GraphKeys.VARIABLES (from tensorflow.python.framework.ops) is deprecated and will be removed in a future version.
Instructions for updating:
Use `tf.GraphKeys.GLOBAL_VARIABLES` instead.
2019-09-05 13:50:32,032 - tensorflow - INFO - Using config: {'_model_dir': '/Users/snoworday/git/algo-deeplearning/result/summary/wide_and_deep_traditional_attention_v2/', '_tf_random_seed': 77887, '_save_summary_steps': 400, '_save_checkpoints_steps': 1000, '_save_checkpoints_secs': None, '_session_config': allow_soft_placement: true
log_device_placement: true
, '_keep_checkpoint_max': 5, '_keep_checkpoint_every_n_hours': 1, '_log_step_count_steps': 400, '_train_distribute': None, '_device_fn': None, '_protocol': None, '_eval_distribute': None, '_experimental_distribute': None, '_service': None, '_cluster_spec': <tensorflow.python.training.server_lib.ClusterSpec object at 0xb494c43c8>, '_task_type': 'worker', '_task_id': 0, '_global_id_in_cluster': 0, '_master': '', '_evaluation_master': '', '_is_chief': True, '_num_ps_replicas': 0, '_num_worker_replicas': 1}
2019-09-05 13:50:32,036 - tensorflow - INFO - Build estimator: <tensorflow_estimator.python.estimator.estimator.Estimator object at 0xb48c52208>
2019-09-05 13:50:34,743 - tensorflow - WARNING - From /Users/snoworday/git/dl_rank/dl_rank/solo.py:193: load (from tensorflow.python.saved_model.loader_impl) is deprecated and will be removed in a future version.
Instructions for updating:
This function will only be available through the v1 compatibility library as tf.compat.v1.saved_model.loader.load or tf.compat.v1.saved_model.load. There will be a new function for importing SavedModels in Tensorflow 2.0.
2019-09-05 13:50:37,728 - tensorflow - WARNING - From /Users/snoworday/anaconda3/envs/py36/lib/python3.6/site-packages/tensorflow/python/training/saver.py:1266: checkpoint_exists (from tensorflow.python.training.checkpoint_management) is deprecated and will be removed in a future version.
Instructions for updating:
Use standard file APIs to check for files with this prefix.
2019-09-05 13:50:37,729 - tensorflow - INFO - Restoring parameters from /Users/snoworday/git/algo-deeplearning/result/graph/wide_and_deep_traditional_attention_v2/variables/variables
2019-09-05 13:50:38,266 - tensorflow - WARNING - From /Users/snoworday/anaconda3/envs/py36/lib/python3.6/site-packages/tensorflow/python/util/decorator_utils.py:145: GraphKeys.VARIABLES (from tensorflow.python.framework.ops) is deprecated and will be removed in a future version.
Instructions for updating:
Use `tf.GraphKeys.GLOBAL_VARIABLES` instead.
2019-09-05 13:53:53,901 - tensorflow - INFO - Using config: {'_model_dir': '/Users/snoworday/git/algo-deeplearning/result/summary/wide_and_deep_traditional_attention_v2/', '_tf_random_seed': 77887, '_save_summary_steps': 400, '_save_checkpoints_steps': 1000, '_save_checkpoints_secs': None, '_session_config': allow_soft_placement: true
log_device_placement: true
, '_keep_checkpoint_max': 5, '_keep_checkpoint_every_n_hours': 1, '_log_step_count_steps': 400, '_train_distribute': None, '_device_fn': None, '_protocol': None, '_eval_distribute': None, '_experimental_distribute': None, '_service': None, '_cluster_spec': <tensorflow.python.training.server_lib.ClusterSpec object at 0xb41f94278>, '_task_type': 'worker', '_task_id': 0, '_global_id_in_cluster': 0, '_master': '', '_evaluation_master': '', '_is_chief': True, '_num_ps_replicas': 0, '_num_worker_replicas': 1}
2019-09-05 13:53:53,907 - tensorflow - INFO - Build estimator: <tensorflow_estimator.python.estimator.estimator.Estimator object at 0xb41777828>
2019-09-05 13:53:54,839 - tensorflow - WARNING - From /Users/snoworday/git/dl_rank/dl_rank/solo.py:193: load (from tensorflow.python.saved_model.loader_impl) is deprecated and will be removed in a future version.
Instructions for updating:
This function will only be available through the v1 compatibility library as tf.compat.v1.saved_model.loader.load or tf.compat.v1.saved_model.load. There will be a new function for importing SavedModels in Tensorflow 2.0.
2019-09-05 13:53:57,885 - tensorflow - WARNING - From /Users/snoworday/anaconda3/envs/py36/lib/python3.6/site-packages/tensorflow/python/training/saver.py:1266: checkpoint_exists (from tensorflow.python.training.checkpoint_management) is deprecated and will be removed in a future version.
Instructions for updating:
Use standard file APIs to check for files with this prefix.
2019-09-05 13:53:57,886 - tensorflow - INFO - Restoring parameters from /Users/snoworday/git/algo-deeplearning/result/graph/wide_and_deep_traditional_attention_v2/variables/variables
2019-09-05 13:53:58,452 - tensorflow - WARNING - From /Users/snoworday/anaconda3/envs/py36/lib/python3.6/site-packages/tensorflow/python/util/decorator_utils.py:145: GraphKeys.VARIABLES (from tensorflow.python.framework.ops) is deprecated and will be removed in a future version.
Instructions for updating:
Use `tf.GraphKeys.GLOBAL_VARIABLES` instead.
2019-09-05 13:57:43,209 - tensorflow - INFO - Using config: {'_model_dir': '/Users/snoworday/git/algo-deeplearning/result/summary/wide_and_deep_traditional_attention_v2/', '_tf_random_seed': 77887, '_save_summary_steps': 400, '_save_checkpoints_steps': 1000, '_save_checkpoints_secs': None, '_session_config': allow_soft_placement: true
log_device_placement: true
, '_keep_checkpoint_max': 5, '_keep_checkpoint_every_n_hours': 1, '_log_step_count_steps': 400, '_train_distribute': None, '_device_fn': None, '_protocol': None, '_eval_distribute': None, '_experimental_distribute': None, '_service': None, '_cluster_spec': <tensorflow.python.training.server_lib.ClusterSpec object at 0xb3c0c0198>, '_task_type': 'worker', '_task_id': 0, '_global_id_in_cluster': 0, '_master': '', '_evaluation_master': '', '_is_chief': True, '_num_ps_replicas': 0, '_num_worker_replicas': 1}
2019-09-05 13:57:43,213 - tensorflow - INFO - Build estimator: <tensorflow_estimator.python.estimator.estimator.Estimator object at 0xb3c072f98>
2019-09-05 13:57:44,173 - tensorflow - WARNING - From /Users/snoworday/git/dl_rank/dl_rank/solo.py:193: load (from tensorflow.python.saved_model.loader_impl) is deprecated and will be removed in a future version.
Instructions for updating:
This function will only be available through the v1 compatibility library as tf.compat.v1.saved_model.loader.load or tf.compat.v1.saved_model.load. There will be a new function for importing SavedModels in Tensorflow 2.0.
2019-09-05 13:57:47,454 - tensorflow - WARNING - From /Users/snoworday/anaconda3/envs/py36/lib/python3.6/site-packages/tensorflow/python/training/saver.py:1266: checkpoint_exists (from tensorflow.python.training.checkpoint_management) is deprecated and will be removed in a future version.
Instructions for updating:
Use standard file APIs to check for files with this prefix.
2019-09-05 13:57:47,455 - tensorflow - INFO - Restoring parameters from /Users/snoworday/git/algo-deeplearning/result/graph/wide_and_deep_traditional_attention_v2/variables/variables
2019-09-05 13:57:48,254 - tensorflow - WARNING - From /Users/snoworday/anaconda3/envs/py36/lib/python3.6/site-packages/tensorflow/python/util/decorator_utils.py:145: GraphKeys.VARIABLES (from tensorflow.python.framework.ops) is deprecated and will be removed in a future version.
Instructions for updating:
Use `tf.GraphKeys.GLOBAL_VARIABLES` instead.
2019-09-05 13:59:03,486 - tensorflow - INFO - Using config: {'_model_dir': '/Users/snoworday/git/algo-deeplearning/result/summary/wide_and_deep_traditional_attention_v2/', '_tf_random_seed': 77887, '_save_summary_steps': 400, '_save_checkpoints_steps': 1000, '_save_checkpoints_secs': None, '_session_config': allow_soft_placement: true
log_device_placement: true
, '_keep_checkpoint_max': 5, '_keep_checkpoint_every_n_hours': 1, '_log_step_count_steps': 400, '_train_distribute': None, '_device_fn': None, '_protocol': None, '_eval_distribute': None, '_experimental_distribute': None, '_service': None, '_cluster_spec': <tensorflow.python.training.server_lib.ClusterSpec object at 0xb47d5b278>, '_task_type': 'worker', '_task_id': 0, '_global_id_in_cluster': 0, '_master': '', '_evaluation_master': '', '_is_chief': True, '_num_ps_replicas': 0, '_num_worker_replicas': 1}
2019-09-05 13:59:03,490 - tensorflow - INFO - Build estimator: <tensorflow_estimator.python.estimator.estimator.Estimator object at 0xb47538828>
2019-09-05 13:59:04,073 - tensorflow - WARNING - From /Users/snoworday/git/dl_rank/dl_rank/solo.py:193: load (from tensorflow.python.saved_model.loader_impl) is deprecated and will be removed in a future version.
Instructions for updating:
This function will only be available through the v1 compatibility library as tf.compat.v1.saved_model.loader.load or tf.compat.v1.saved_model.load. There will be a new function for importing SavedModels in Tensorflow 2.0.
2019-09-05 13:59:07,524 - tensorflow - WARNING - From /Users/snoworday/anaconda3/envs/py36/lib/python3.6/site-packages/tensorflow/python/training/saver.py:1266: checkpoint_exists (from tensorflow.python.training.checkpoint_management) is deprecated and will be removed in a future version.
Instructions for updating:
Use standard file APIs to check for files with this prefix.
2019-09-05 13:59:07,525 - tensorflow - INFO - Restoring parameters from /Users/snoworday/git/algo-deeplearning/result/graph/wide_and_deep_traditional_attention_v2/variables/variables
2019-09-05 13:59:08,259 - tensorflow - WARNING - From /Users/snoworday/anaconda3/envs/py36/lib/python3.6/site-packages/tensorflow/python/util/decorator_utils.py:145: GraphKeys.VARIABLES (from tensorflow.python.framework.ops) is deprecated and will be removed in a future version.
Instructions for updating:
Use `tf.GraphKeys.GLOBAL_VARIABLES` instead.
2019-09-05 14:08:38,561 - tensorflow - INFO - Using config: {'_model_dir': '/Users/snoworday/git/algo-deeplearning/result/summary/wide_and_deep_traditional_attention_v2/', '_tf_random_seed': 77887, '_save_summary_steps': 400, '_save_checkpoints_steps': 1000, '_save_checkpoints_secs': None, '_session_config': allow_soft_placement: true
log_device_placement: true
, '_keep_checkpoint_max': 5, '_keep_checkpoint_every_n_hours': 1, '_log_step_count_steps': 400, '_train_distribute': None, '_device_fn': None, '_protocol': None, '_eval_distribute': None, '_experimental_distribute': None, '_service': None, '_cluster_spec': <tensorflow.python.training.server_lib.ClusterSpec object at 0xb469582b0>, '_task_type': 'worker', '_task_id': 0, '_global_id_in_cluster': 0, '_master': '', '_evaluation_master': '', '_is_chief': True, '_num_ps_replicas': 0, '_num_worker_replicas': 1}
2019-09-05 14:08:38,568 - tensorflow - INFO - Build estimator: <tensorflow_estimator.python.estimator.estimator.Estimator object at 0xb45b5e668>
2019-09-05 14:08:39,126 - tensorflow - WARNING - From /Users/snoworday/git/dl_rank/dl_rank/solo.py:193: load (from tensorflow.python.saved_model.loader_impl) is deprecated and will be removed in a future version.
Instructions for updating:
This function will only be available through the v1 compatibility library as tf.compat.v1.saved_model.loader.load or tf.compat.v1.saved_model.load. There will be a new function for importing SavedModels in Tensorflow 2.0.
2019-09-05 14:08:42,433 - tensorflow - WARNING - From /Users/snoworday/anaconda3/envs/py36/lib/python3.6/site-packages/tensorflow/python/training/saver.py:1266: checkpoint_exists (from tensorflow.python.training.checkpoint_management) is deprecated and will be removed in a future version.
Instructions for updating:
Use standard file APIs to check for files with this prefix.
2019-09-05 14:08:42,434 - tensorflow - INFO - Restoring parameters from /Users/snoworday/git/algo-deeplearning/result/graph/wide_and_deep_traditional_attention_v2/variables/variables
2019-09-05 14:08:43,037 - tensorflow - WARNING - From /Users/snoworday/anaconda3/envs/py36/lib/python3.6/site-packages/tensorflow/python/util/decorator_utils.py:145: GraphKeys.VARIABLES (from tensorflow.python.framework.ops) is deprecated and will be removed in a future version.
Instructions for updating:
Use `tf.GraphKeys.GLOBAL_VARIABLES` instead.
2019-09-05 14:17:39,880 - tensorflow - INFO - Using config: {'_model_dir': '/Users/snoworday/git/algo-deeplearning/result/summary/wide_and_deep_traditional_attention_v2/', '_tf_random_seed': 77887, '_save_summary_steps': 400, '_save_checkpoints_steps': 1000, '_save_checkpoints_secs': None, '_session_config': allow_soft_placement: true
log_device_placement: true
, '_keep_checkpoint_max': 5, '_keep_checkpoint_every_n_hours': 1, '_log_step_count_steps': 400, '_train_distribute': None, '_device_fn': None, '_protocol': None, '_eval_distribute': None, '_experimental_distribute': None, '_service': None, '_cluster_spec': <tensorflow.python.training.server_lib.ClusterSpec object at 0xb4335d9e8>, '_task_type': 'worker', '_task_id': 0, '_global_id_in_cluster': 0, '_master': '', '_evaluation_master': '', '_is_chief': True, '_num_ps_replicas': 0, '_num_worker_replicas': 1}
2019-09-05 14:17:39,901 - tensorflow - INFO - Build estimator: <tensorflow_estimator.python.estimator.estimator.Estimator object at 0xb42b67cf8>
2019-09-05 14:19:18,260 - tensorflow - WARNING - From /Users/snoworday/anaconda3/envs/py36/lib/python3.6/site-packages/tensorflow/python/util/decorator_utils.py:145: GraphKeys.VARIABLES (from tensorflow.python.framework.ops) is deprecated and will be removed in a future version.
Instructions for updating:
Use `tf.GraphKeys.GLOBAL_VARIABLES` instead.
2019-09-05 14:24:06,036 - tensorflow - INFO - Using config: {'_model_dir': '/Users/snoworday/git/algo-deeplearning/result/summary/wide_and_deep_traditional_attention_v2/', '_tf_random_seed': 77887, '_save_summary_steps': 400, '_save_checkpoints_steps': 1000, '_save_checkpoints_secs': None, '_session_config': allow_soft_placement: true
log_device_placement: true
, '_keep_checkpoint_max': 5, '_keep_checkpoint_every_n_hours': 1, '_log_step_count_steps': 400, '_train_distribute': None, '_device_fn': None, '_protocol': None, '_eval_distribute': None, '_experimental_distribute': None, '_service': None, '_cluster_spec': <tensorflow.python.training.server_lib.ClusterSpec object at 0xb39943a90>, '_task_type': 'worker', '_task_id': 0, '_global_id_in_cluster': 0, '_master': '', '_evaluation_master': '', '_is_chief': True, '_num_ps_replicas': 0, '_num_worker_replicas': 1}
2019-09-05 14:24:06,040 - tensorflow - INFO - Build estimator: <tensorflow_estimator.python.estimator.estimator.Estimator object at 0xb391269b0>
2019-09-05 14:26:32,681 - tensorflow - INFO - Using config: {'_model_dir': '/Users/snoworday/git/algo-deeplearning/result/summary/wide_and_deep_traditional_attention_v2/', '_tf_random_seed': 77887, '_save_summary_steps': 400, '_save_checkpoints_steps': 1000, '_save_checkpoints_secs': None, '_session_config': allow_soft_placement: true
log_device_placement: true
, '_keep_checkpoint_max': 5, '_keep_checkpoint_every_n_hours': 1, '_log_step_count_steps': 400, '_train_distribute': None, '_device_fn': None, '_protocol': None, '_eval_distribute': None, '_experimental_distribute': None, '_service': None, '_cluster_spec': <tensorflow.python.training.server_lib.ClusterSpec object at 0xb412c7f60>, '_task_type': 'worker', '_task_id': 0, '_global_id_in_cluster': 0, '_master': '', '_evaluation_master': '', '_is_chief': True, '_num_ps_replicas': 0, '_num_worker_replicas': 1}
2019-09-05 14:26:32,685 - tensorflow - INFO - Build estimator: <tensorflow_estimator.python.estimator.estimator.Estimator object at 0xb412c79e8>
2019-09-05 14:27:47,788 - tensorflow - INFO - Using config: {'_model_dir': '/Users/snoworday/git/algo-deeplearning/result/summary/wide_and_deep_traditional_attention_v2/', '_tf_random_seed': 77887, '_save_summary_steps': 400, '_save_checkpoints_steps': 1000, '_save_checkpoints_secs': None, '_session_config': allow_soft_placement: true
log_device_placement: true
, '_keep_checkpoint_max': 5, '_keep_checkpoint_every_n_hours': 1, '_log_step_count_steps': 400, '_train_distribute': None, '_device_fn': None, '_protocol': None, '_eval_distribute': None, '_experimental_distribute': None, '_service': None, '_cluster_spec': <tensorflow.python.training.server_lib.ClusterSpec object at 0xb493d8668>, '_task_type': 'worker', '_task_id': 0, '_global_id_in_cluster': 0, '_master': '', '_evaluation_master': '', '_is_chief': True, '_num_ps_replicas': 0, '_num_worker_replicas': 1}
2019-09-05 14:27:47,792 - tensorflow - INFO - Build estimator: <tensorflow_estimator.python.estimator.estimator.Estimator object at 0xb493d8320>
2019-09-05 14:29:11,776 - tensorflow - WARNING - From /Users/snoworday/anaconda3/envs/py36/lib/python3.6/site-packages/tensorflow/python/ops/control_flow_ops.py:3632: colocate_with (from tensorflow.python.framework.ops) is deprecated and will be removed in a future version.
Instructions for updating:
Colocations handled automatically by placer.
2019-09-05 14:29:12,406 - tensorflow - WARNING - From /Users/snoworday/anaconda3/envs/py36/lib/python3.6/site-packages/tensorflow/python/training/saver.py:1266: checkpoint_exists (from tensorflow.python.training.checkpoint_management) is deprecated and will be removed in a future version.
Instructions for updating:
Use standard file APIs to check for files with this prefix.
2019-09-05 14:29:12,408 - tensorflow - INFO - Restoring parameters from /Users/snoworday/git/algo-deeplearning/result/summary/wide_and_deep_traditional_attention_v2/model.ckpt-361886
2019-09-05 14:32:44,441 - tensorflow - INFO - Using config: {'_model_dir': '/Users/snoworday/git/algo-deeplearning/result/summary/wide_and_deep_traditional_attention_v2/', '_tf_random_seed': 77887, '_save_summary_steps': 400, '_save_checkpoints_steps': 1000, '_save_checkpoints_secs': None, '_session_config': allow_soft_placement: true
log_device_placement: true
, '_keep_checkpoint_max': 5, '_keep_checkpoint_every_n_hours': 1, '_log_step_count_steps': 400, '_train_distribute': None, '_device_fn': None, '_protocol': None, '_eval_distribute': None, '_experimental_distribute': None, '_service': None, '_cluster_spec': <tensorflow.python.training.server_lib.ClusterSpec object at 0xb3beae048>, '_task_type': 'worker', '_task_id': 0, '_global_id_in_cluster': 0, '_master': '', '_evaluation_master': '', '_is_chief': True, '_num_ps_replicas': 0, '_num_worker_replicas': 1}
2019-09-05 14:32:44,446 - tensorflow - INFO - Build estimator: <tensorflow_estimator.python.estimator.estimator.Estimator object at 0xb3beae908>
2019-09-05 14:32:50,033 - tensorflow - WARNING - From /Users/snoworday/git/dl_rank/dl_rank/solo.py:193: load (from tensorflow.python.saved_model.loader_impl) is deprecated and will be removed in a future version.
Instructions for updating:
This function will only be available through the v1 compatibility library as tf.compat.v1.saved_model.loader.load or tf.compat.v1.saved_model.load. There will be a new function for importing SavedModels in Tensorflow 2.0.
2019-09-05 14:32:52,996 - tensorflow - WARNING - From /Users/snoworday/anaconda3/envs/py36/lib/python3.6/site-packages/tensorflow/python/training/saver.py:1266: checkpoint_exists (from tensorflow.python.training.checkpoint_management) is deprecated and will be removed in a future version.
Instructions for updating:
Use standard file APIs to check for files with this prefix.
2019-09-05 14:32:52,998 - tensorflow - INFO - Restoring parameters from /Users/snoworday/git/algo-deeplearning/result/graph/wide_and_deep_traditional_attention_v2/variables/variables
2019-09-05 14:32:53,640 - tensorflow - WARNING - From /Users/snoworday/anaconda3/envs/py36/lib/python3.6/site-packages/tensorflow/python/util/decorator_utils.py:145: GraphKeys.VARIABLES (from tensorflow.python.framework.ops) is deprecated and will be removed in a future version.
Instructions for updating:
Use `tf.GraphKeys.GLOBAL_VARIABLES` instead.
2019-09-05 14:45:36,573 - tensorflow - WARNING - From /Users/snoworday/anaconda3/envs/py36/lib/python3.6/site-packages/tensorflow/python/framework/op_def_library.py:263: colocate_with (from tensorflow.python.framework.ops) is deprecated and will be removed in a future version.
Instructions for updating:
Colocations handled automatically by placer.
2019-09-05 14:45:40,107 - tensorflow - WARNING - From /Users/snoworday/git/dl_rank/dl_rank/solo.py:200: convert_variables_to_constants (from tensorflow.python.framework.graph_util_impl) is deprecated and will be removed in a future version.
Instructions for updating:
Use tf.compat.v1.graph_util.convert_variables_to_constants
2019-09-05 14:45:40,108 - tensorflow - WARNING - From /Users/snoworday/anaconda3/envs/py36/lib/python3.6/site-packages/tensorflow/python/framework/graph_util_impl.py:245: extract_sub_graph (from tensorflow.python.framework.graph_util_impl) is deprecated and will be removed in a future version.
Instructions for updating:
Use tf.compat.v1.graph_util.extract_sub_graph
2019-09-05 14:45:40,721 - tensorflow - INFO - Froze 10 variables.
2019-09-05 14:45:40,766 - tensorflow - INFO - Converted 10 variables to const ops.
2019-09-05 14:46:48,242 - tensorflow - INFO - Using config: {'_model_dir': '/Users/snoworday/git/algo-deeplearning/result/summary/wide_and_deep_traditional_attention_v2/', '_tf_random_seed': 77887, '_save_summary_steps': 400, '_save_checkpoints_steps': 1000, '_save_checkpoints_secs': None, '_session_config': allow_soft_placement: true
log_device_placement: true
, '_keep_checkpoint_max': 5, '_keep_checkpoint_every_n_hours': 1, '_log_step_count_steps': 400, '_train_distribute': None, '_device_fn': None, '_protocol': None, '_eval_distribute': None, '_experimental_distribute': None, '_service': None, '_cluster_spec': <tensorflow.python.training.server_lib.ClusterSpec object at 0xb419c9a90>, '_task_type': 'worker', '_task_id': 0, '_global_id_in_cluster': 0, '_master': '', '_evaluation_master': '', '_is_chief': True, '_num_ps_replicas': 0, '_num_worker_replicas': 1}
2019-09-05 14:46:48,250 - tensorflow - INFO - Build estimator: <tensorflow_estimator.python.estimator.estimator.Estimator object at 0xb4105c9b0>
2019-09-05 14:47:41,807 - tensorflow - INFO - Using config: {'_model_dir': '/Users/snoworday/git/algo-deeplearning/result/summary/wide_and_deep_traditional_attention_v2/', '_tf_random_seed': 77887, '_save_summary_steps': 400, '_save_checkpoints_steps': 1000, '_save_checkpoints_secs': None, '_session_config': allow_soft_placement: true
log_device_placement: true
, '_keep_checkpoint_max': 5, '_keep_checkpoint_every_n_hours': 1, '_log_step_count_steps': 400, '_train_distribute': None, '_device_fn': None, '_protocol': None, '_eval_distribute': None, '_experimental_distribute': None, '_service': None, '_cluster_spec': <tensorflow.python.training.server_lib.ClusterSpec object at 0xb47c39160>, '_task_type': 'worker', '_task_id': 0, '_global_id_in_cluster': 0, '_master': '', '_evaluation_master': '', '_is_chief': True, '_num_ps_replicas': 0, '_num_worker_replicas': 1}
2019-09-05 14:47:41,826 - tensorflow - INFO - Build estimator: <tensorflow_estimator.python.estimator.estimator.Estimator object at 0xb4742ecc0>
2019-09-05 14:48:18,724 - tensorflow - WARNING - From /Users/snoworday/anaconda3/envs/py36/lib/python3.6/site-packages/tensorflow/python/util/decorator_utils.py:145: GraphKeys.VARIABLES (from tensorflow.python.framework.ops) is deprecated and will be removed in a future version.
Instructions for updating:
Use `tf.GraphKeys.GLOBAL_VARIABLES` instead.
2019-09-05 14:52:19,210 - tensorflow - WARNING - From /Users/snoworday/anaconda3/envs/py36/lib/python3.6/site-packages/tensorflow/python/training/saver.py:1266: checkpoint_exists (from tensorflow.python.training.checkpoint_management) is deprecated and will be removed in a future version.
Instructions for updating:
Use standard file APIs to check for files with this prefix.
2019-09-05 14:52:19,214 - tensorflow - INFO - Restoring parameters from /Users/snoworday/git/algo-deeplearning/result/summary/wide_and_deep_traditional_attention_v2/model.ckpt-361886
2019-09-05 14:54:55,284 - tensorflow - INFO - Using config: {'_model_dir': '/Users/snoworday/git/algo-deeplearning/result/summary/wide_and_deep_traditional_attention_v2/', '_tf_random_seed': 77887, '_save_summary_steps': 400, '_save_checkpoints_steps': 1000, '_save_checkpoints_secs': None, '_session_config': allow_soft_placement: true
log_device_placement: true
, '_keep_checkpoint_max': 5, '_keep_checkpoint_every_n_hours': 1, '_log_step_count_steps': 400, '_train_distribute': None, '_device_fn': None, '_protocol': None, '_eval_distribute': None, '_experimental_distribute': None, '_service': None, '_cluster_spec': <tensorflow.python.training.server_lib.ClusterSpec object at 0xb43e2a5c0>, '_task_type': 'worker', '_task_id': 0, '_global_id_in_cluster': 0, '_master': '', '_evaluation_master': '', '_is_chief': True, '_num_ps_replicas': 0, '_num_worker_replicas': 1}
2019-09-05 14:54:55,288 - tensorflow - INFO - Build estimator: <tensorflow_estimator.python.estimator.estimator.Estimator object at 0xb43560908>
2019-09-05 14:55:00,182 - tensorflow - WARNING - From /Users/snoworday/git/dl_rank/dl_rank/solo.py:193: load (from tensorflow.python.saved_model.loader_impl) is deprecated and will be removed in a future version.
Instructions for updating:
This function will only be available through the v1 compatibility library as tf.compat.v1.saved_model.loader.load or tf.compat.v1.saved_model.load. There will be a new function for importing SavedModels in Tensorflow 2.0.
2019-09-05 14:55:03,199 - tensorflow - WARNING - From /Users/snoworday/anaconda3/envs/py36/lib/python3.6/site-packages/tensorflow/python/training/saver.py:1266: checkpoint_exists (from tensorflow.python.training.checkpoint_management) is deprecated and will be removed in a future version.
Instructions for updating:
Use standard file APIs to check for files with this prefix.
2019-09-05 14:55:03,202 - tensorflow - INFO - Restoring parameters from /Users/snoworday/git/algo-deeplearning/result/graph/wide_and_deep_traditional_attention_v2/variables/variables
2019-09-05 14:55:03,833 - tensorflow - WARNING - From /Users/snoworday/anaconda3/envs/py36/lib/python3.6/site-packages/tensorflow/python/util/decorator_utils.py:145: GraphKeys.VARIABLES (from tensorflow.python.framework.ops) is deprecated and will be removed in a future version.
Instructions for updating:
Use `tf.GraphKeys.GLOBAL_VARIABLES` instead.
2019-09-05 15:01:05,114 - tensorflow - WARNING - From /Users/snoworday/anaconda3/envs/py36/lib/python3.6/site-packages/tensorflow/python/framework/op_def_library.py:263: colocate_with (from tensorflow.python.framework.ops) is deprecated and will be removed in a future version.
Instructions for updating:
Colocations handled automatically by placer.
2019-09-05 15:01:14,045 - tensorflow - WARNING - From /Users/snoworday/git/dl_rank/dl_rank/solo.py:223: convert_variables_to_constants (from tensorflow.python.framework.graph_util_impl) is deprecated and will be removed in a future version.
Instructions for updating:
Use tf.compat.v1.graph_util.convert_variables_to_constants
2019-09-05 15:01:14,058 - tensorflow - WARNING - From /Users/snoworday/anaconda3/envs/py36/lib/python3.6/site-packages/tensorflow/python/framework/graph_util_impl.py:245: extract_sub_graph (from tensorflow.python.framework.graph_util_impl) is deprecated and will be removed in a future version.
Instructions for updating:
Use tf.compat.v1.graph_util.extract_sub_graph
2019-09-05 15:01:14,426 - tensorflow - INFO - Froze 10 variables.
2019-09-05 15:01:14,462 - tensorflow - INFO - Converted 10 variables to const ops.
2019-09-05 15:11:09,530 - tensorflow - INFO - Using config: {'_model_dir': '/Users/snoworday/git/algo-deeplearning/result/summary/wide_and_deep_traditional_attention_v2/', '_tf_random_seed': 77887, '_save_summary_steps': 400, '_save_checkpoints_steps': 1000, '_save_checkpoints_secs': None, '_session_config': allow_soft_placement: true
log_device_placement: true
, '_keep_checkpoint_max': 5, '_keep_checkpoint_every_n_hours': 1, '_log_step_count_steps': 400, '_train_distribute': None, '_device_fn': None, '_protocol': None, '_eval_distribute': None, '_experimental_distribute': None, '_service': None, '_cluster_spec': <tensorflow.python.training.server_lib.ClusterSpec object at 0xb3ae5f780>, '_task_type': 'worker', '_task_id': 0, '_global_id_in_cluster': 0, '_master': '', '_evaluation_master': '', '_is_chief': True, '_num_ps_replicas': 0, '_num_worker_replicas': 1}
2019-09-05 15:11:09,538 - tensorflow - INFO - Build estimator: <tensorflow_estimator.python.estimator.estimator.Estimator object at 0xb3a571860>
2019-09-05 15:11:13,329 - tensorflow - WARNING - From /Users/snoworday/git/dl_rank/dl_rank/solo.py:193: load (from tensorflow.python.saved_model.loader_impl) is deprecated and will be removed in a future version.
Instructions for updating:
This function will only be available through the v1 compatibility library as tf.compat.v1.saved_model.loader.load or tf.compat.v1.saved_model.load. There will be a new function for importing SavedModels in Tensorflow 2.0.
2019-09-05 15:11:23,770 - tensorflow - WARNING - From /Users/snoworday/anaconda3/envs/py36/lib/python3.6/site-packages/tensorflow/python/training/saver.py:1266: checkpoint_exists (from tensorflow.python.training.checkpoint_management) is deprecated and will be removed in a future version.
Instructions for updating:
Use standard file APIs to check for files with this prefix.
2019-09-05 15:11:23,777 - tensorflow - INFO - Restoring parameters from /Users/snoworday/git/algo-deeplearning/result/graph/wide_and_deep_traditional_attention_v2/variables/variables
2019-09-05 15:11:24,413 - tensorflow - WARNING - From /Users/snoworday/anaconda3/envs/py36/lib/python3.6/site-packages/tensorflow/python/util/decorator_utils.py:145: GraphKeys.VARIABLES (from tensorflow.python.framework.ops) is deprecated and will be removed in a future version.
Instructions for updating:
Use `tf.GraphKeys.GLOBAL_VARIABLES` instead.
2019-09-05 15:15:55,151 - tensorflow - WARNING - From /Users/snoworday/anaconda3/envs/py36/lib/python3.6/site-packages/tensorflow/python/framework/op_def_library.py:263: colocate_with (from tensorflow.python.framework.ops) is deprecated and will be removed in a future version.
Instructions for updating:
Colocations handled automatically by placer.
2019-09-05 15:15:59,223 - tensorflow - WARNING - From /Users/snoworday/git/dl_rank/dl_rank/solo.py:226: convert_variables_to_constants (from tensorflow.python.framework.graph_util_impl) is deprecated and will be removed in a future version.
Instructions for updating:
Use tf.compat.v1.graph_util.convert_variables_to_constants
2019-09-05 15:15:59,224 - tensorflow - WARNING - From /Users/snoworday/anaconda3/envs/py36/lib/python3.6/site-packages/tensorflow/python/framework/graph_util_impl.py:245: extract_sub_graph (from tensorflow.python.framework.graph_util_impl) is deprecated and will be removed in a future version.
Instructions for updating:
Use tf.compat.v1.graph_util.extract_sub_graph
2019-09-05 15:15:59,467 - tensorflow - INFO - Froze 10 variables.
2019-09-05 15:15:59,479 - tensorflow - INFO - Converted 10 variables to const ops.
2019-09-05 15:16:29,051 - tensorflow - INFO - Using config: {'_model_dir': '/Users/snoworday/git/algo-deeplearning/result/summary/wide_and_deep_traditional_attention_v2/', '_tf_random_seed': 77887, '_save_summary_steps': 400, '_save_checkpoints_steps': 1000, '_save_checkpoints_secs': None, '_session_config': allow_soft_placement: true
log_device_placement: true
, '_keep_checkpoint_max': 5, '_keep_checkpoint_every_n_hours': 1, '_log_step_count_steps': 400, '_train_distribute': None, '_device_fn': None, '_protocol': None, '_eval_distribute': None, '_experimental_distribute': None, '_service': None, '_cluster_spec': <tensorflow.python.training.server_lib.ClusterSpec object at 0xb40aa60f0>, '_task_type': 'worker', '_task_id': 0, '_global_id_in_cluster': 0, '_master': '', '_evaluation_master': '', '_is_chief': True, '_num_ps_replicas': 0, '_num_worker_replicas': 1}
2019-09-05 15:16:29,056 - tensorflow - INFO - Build estimator: <tensorflow_estimator.python.estimator.estimator.Estimator object at 0xb40a232e8>
2019-09-05 15:16:29,058 - tensorflow - WARNING - From /Users/snoworday/git/dl_rank/dl_rank/solo.py:193: load (from tensorflow.python.saved_model.loader_impl) is deprecated and will be removed in a future version.
Instructions for updating:
This function will only be available through the v1 compatibility library as tf.compat.v1.saved_model.loader.load or tf.compat.v1.saved_model.load. There will be a new function for importing SavedModels in Tensorflow 2.0.
2019-09-05 15:16:32,514 - tensorflow - WARNING - From /Users/snoworday/anaconda3/envs/py36/lib/python3.6/site-packages/tensorflow/python/training/saver.py:1266: checkpoint_exists (from tensorflow.python.training.checkpoint_management) is deprecated and will be removed in a future version.
Instructions for updating:
Use standard file APIs to check for files with this prefix.
2019-09-05 15:16:32,517 - tensorflow - INFO - Restoring parameters from /Users/snoworday/git/algo-deeplearning/result/graph/wide_and_deep_traditional_attention_v2/variables/variables
2019-09-05 15:16:33,274 - tensorflow - WARNING - From /Users/snoworday/anaconda3/envs/py36/lib/python3.6/site-packages/tensorflow/python/util/decorator_utils.py:145: GraphKeys.VARIABLES (from tensorflow.python.framework.ops) is deprecated and will be removed in a future version.
Instructions for updating:
Use `tf.GraphKeys.GLOBAL_VARIABLES` instead.
2019-09-05 15:16:38,078 - tensorflow - WARNING - From /Users/snoworday/anaconda3/envs/py36/lib/python3.6/site-packages/tensorflow/python/framework/op_def_library.py:263: colocate_with (from tensorflow.python.framework.ops) is deprecated and will be removed in a future version.
Instructions for updating:
Colocations handled automatically by placer.
2019-09-05 15:16:40,079 - tensorflow - WARNING - From /Users/snoworday/git/dl_rank/dl_rank/solo.py:226: convert_variables_to_constants (from tensorflow.python.framework.graph_util_impl) is deprecated and will be removed in a future version.
Instructions for updating:
Use tf.compat.v1.graph_util.convert_variables_to_constants
2019-09-05 15:16:40,080 - tensorflow - WARNING - From /Users/snoworday/anaconda3/envs/py36/lib/python3.6/site-packages/tensorflow/python/framework/graph_util_impl.py:245: extract_sub_graph (from tensorflow.python.framework.graph_util_impl) is deprecated and will be removed in a future version.
Instructions for updating:
Use tf.compat.v1.graph_util.extract_sub_graph
2019-09-05 15:16:40,239 - tensorflow - INFO - Froze 10 variables.
2019-09-05 15:16:40,249 - tensorflow - INFO - Converted 10 variables to const ops.
